p/objetos_27.jpg 1 0 0 38 46
p/objetos_26.jpg 1 0 0 38 46
p/objetos_25.jpg 1 0 0 38 46
p/objetos_24.jpg 1 0 0 38 46
p/objetos_23.jpg 1 0 0 38 46
p/objetos_22.jpg 1 0 0 38 46
p/objetos_21.jpg 1 0 0 38 46
p/objetos_20.jpg 1 0 0 38 46
p/objetos_19.jpg 1 0 0 38 46
p/objetos_18.jpg 1 0 0 38 46
p/objetos_17.jpg 1 0 0 38 46
p/objetos_16.jpg 1 0 0 38 46
p/objetos_15.jpg 1 0 0 38 46
p/objetos_14.jpg 1 0 0 38 46
p/objetos_13.jpg 1 0 0 38 46
p/objetos_12.jpg 1 0 0 38 46
p/objetos_11.jpg 1 0 0 38 46
p/objetos_10.jpg 1 0 0 38 46
p/objetos_9.jpg 1 0 0 38 46
p/objetos_8.jpg 1 0 0 38 46
p/objetos_7.jpg 1 0 0 38 46
p/objetos_6.jpg 1 0 0 38 46
p/objetos_5.jpg 1 0 0 38 46
p/objetos_4.jpg 1 0 0 38 46
p/objetos_3.jpg 1 0 0 38 46
p/objetos_2.jpg 1 0 0 38 46
p/objetos_1.jpg 1 0 0 38 46
p/objetos_0.jpg 1 0 0 38 46